<?xml version="1.0" encoding="UTF-8"?>
<testng-results ignored="0" total="1" passed="1" failed="0" skipped="0">
  <reporter-output>
    <line>
      <![CDATA[Logged in successfully]]>
    </line>
    <line>
      <![CDATA[Added Pickup location]]>
    </line>
    <line>
      <![CDATA[Added Drop Off location]]>
    </line>
    <line>
      <![CDATA[10122021121750]]>
    </line>
    <line>
      <![CDATA[Load Created Successfully]]>
    </line>
  </reporter-output>
  <suite started-at="2021-12-10T12:17:29 IST" name="Default suite" finished-at="2021-12-10T12:18:27 IST" duration-ms="58194">
    <groups>
      <group name="regression">
        <method signature="ValidateCustomerFeightCharge.validateInvoiceCreation()[pri:1, instance:Scripts.ValidateCustomerFeightCharge@93cf163]" name="validateInvoiceCreation" class="Scripts.ValidateCustomerFeightCharge"/>
      </group> <!-- regression -->
    </groups>
    <test started-at="2021-12-10T12:17:29 IST" name="Default test" finished-at="2021-12-10T12:18:27 IST" duration-ms="58194">
      <class name="Scripts.ValidateCustomerFeightCharge">
        <test-method is-config="true" signature="configBC()[pri:0, instance:Scripts.ValidateCustomerFeightCharge@93cf163]" started-at="2021-12-10T12:17:22 IST" name="configBC" finished-at="2021-12-10T12:17:29 IST" duration-ms="6713" status="PASS">
          <reporter-output>
          </reporter-output>
        </test-method> <!-- configBC -->
        <test-method is-config="true" signature="configBT()[pri:0, instance:Scripts.ValidateCustomerFeightCharge@93cf163]" started-at="2021-12-10T12:17:29 IST" name="configBT" finished-at="2021-12-10T12:17:29 IST" duration-ms="1" status="PASS">
          <reporter-output>
          </reporter-output>
        </test-method> <!-- configBT -->
        <test-method is-config="true" signature="configBM(java.lang.reflect.Method)[pri:0, instance:Scripts.ValidateCustomerFeightCharge@93cf163]" started-at="2021-12-10T12:17:29 IST" name="configBM" finished-at="2021-12-10T12:17:35 IST" duration-ms="6271" status="PASS">
          <params>
            <param index="0">
              <value>
                <![CDATA[public void Scripts.ValidateCustomerFeightCharge.validateInvoiceCreation() throws java.lang.Throwable]]>
              </value>
            </param>
          </params>
          <reporter-output>
            <line>
              <![CDATA[Logged in successfully]]>
            </line>
          </reporter-output>
        </test-method> <!-- configBM -->
        <test-method signature="validateInvoiceCreation()[pri:1, instance:Scripts.ValidateCustomerFeightCharge@93cf163]" started-at="2021-12-10T12:17:35 IST" name="validateInvoiceCreation" finished-at="2021-12-10T12:18:27 IST" duration-ms="51653" status="PASS">
          <reporter-output>
            <line>
              <![CDATA[Added Pickup location]]>
            </line>
            <line>
              <![CDATA[Added Drop Off location]]>
            </line>
            <line>
              <![CDATA[10122021121750]]>
            </line>
            <line>
              <![CDATA[Load Created Successfully]]>
            </line>
          </reporter-output>
        </test-method> <!-- validateInvoiceCreation -->
        <test-method is-config="true" signature="conficAC()[pri:0, instance:Scripts.ValidateCustomerFeightCharge@93cf163]" started-at="2021-12-10T12:18:27 IST" name="conficAC" finished-at="2021-12-10T12:18:27 IST" duration-ms="1" status="PASS">
          <reporter-output>
          </reporter-output>
        </test-method> <!-- conficAC -->
      </class> <!-- Scripts.ValidateCustomerFeightCharge -->
    </test> <!-- Default test -->
  </suite> <!-- Default suite -->
</testng-results>
